[LOG] System::create                           : Header version = 2.01.07. Current version = 2.01.07.
[LOG] Manager::init                            : maxchannels = 256 studioflags = 00000006 flags 00000000 extradriverdata 0000000000000000.
[LOG] SystemI::init                            : Initialize version=20107 (113487), maxchannels=256, flags=0x00020000
[LOG] SystemI::setOutputInternal               : Setting output to 'FMOD WASAPI Output'
[LOG] OutputWASAPI::init                       : Mix Format (WAVEFORMATEX): wFormatTag=0xFFFE, nChannels=8, nSamplesPerSec=48000, nAvgBytesPerSec=1536000, nBlockAlign=32, wBitsPerSample=32, cbSize=22.
[LOG] OutputWASAPI::init                       : Mix Format (WAVEFORMATEXTENSIBLE): wValidBitsPerSample=32, dwChannelMask=0x0000063F, SubFormat=00000003-0000-0010-8000-00AA00389B71.
[LOG] OutputWASAPI::init                       : Output buffer size: 4096 samples, latency: 0.00ms, period: 10.00ms, DSP buffer: 1024 * 4
[LOG] DownMix::init                            : dspbuffersize: 1024  rate: 48000. output speaker mode: 7, input speaker mode 3
[LOG] DownMix::init                            : done.
[LOG] Thread::initThread                       : Init FMOD stream thread. Affinity: 0x8000000000000003, Priority: 0xFFFF7FFB, Stack Size: 98304, Semaphore: No, Sleep Time: 10, Looping: Yes.
[LOG] Thread::initThread                       : Init FMOD mixer thread. Affinity: 0x8000000000000001, Priority: 0xFFFF7FFA, Stack Size: 81920, Semaphore: No, Sleep Time: 0, Looping: Yes.
[LOG] AsyncManager::init                       : manager 00000150C57F1D08 isAsync 0 updatePeriod 0.02
[LOG] AsyncManager::init                       : done
[LOG] PlaybackSystem::init                     : 
[LOG] Thread::initThread                       : Init FMOD Studio sample load thread. Affinity: 0x8000000000000003, Priority: 0xFFFF7FFD, Stack Size: 98304, Semaphore: No, Sleep Time: 1, Looping: No.
[LOG] PlaybackSystem::init                     : done
[LOG] Thread::initThread                       : Init FMOD Studio bank load thread. Affinity: 0x8000000000000003, Priority: 0xFFFF7FFD, Stack Size: 98304, Semaphore: No, Sleep Time: 1, Looping: No.
[LOG] Manager::init                            : done.
[LOG] Manager::readBank                        : fileversion = 135, compatVersion = 132 (oldest = 44, newest = 135)
[LOG] SystemI::createSoundInternal             : Create name='', mode=0x02000202
[LOG] SystemI::createSoundInternal             : exinfo->cbsize             = 224
[LOG] SystemI::createSoundInternal             : exinfo->length             = 2473792
[LOG] SystemI::createSoundInternal             : exinfo->fileoffset         = 16832
[LOG] SystemI::createSoundInternal             : exinfo->numsubsounds       = 1
[LOG] SystemI::createSoundInternal             : exinfo->inclusionlist      = 00000003AE09F218
[LOG] SystemI::createSoundInternal             : exinfo->inclusionlistnum   = 1
[LOG] SystemI::createSoundInternal             : exinfo->suggestedsoundtype = 5
[LOG] SystemI::createSoundInternal             : exinfo->useropen           = 00007FFAFDC27B10
[LOG] SystemI::createSoundInternal             : exinfo->userclose          = 00007FFAFDC27AE0
[LOG] SystemI::createSoundInternal             : exinfo->userread           = 00007FFAFDC27BE0
[LOG] SystemI::createSoundInternal             : exinfo->userseek           = 00007FFAFDC27CA0
[LOG] SystemI::createSoundInternal             : exinfo->fileuserdata       = 00000150C5486C18
[LOG] SystemI::createSoundInternal             : exinfo->initialseekpostype = 1
[LOG] SystemI::DSPCodecPoolRegister            : register codec pool for pool type 5
[LOG] SystemI::createSoundInternal             : Sample 0/1: name='zapsplat_fantasy_magic_ping_wand_90s_style_dreamy_003_64946', format=5, channels=2, frequency=48000, lengthbytes=42688, lengthpcm=161280, pcmblocksize=0, loopstart=0, loopend=0, mode=0x00000000, channelmask=0x00000000, channelorder=0, peakvolume=0.704285.
[LOG] SystemI::createSoundInternal             : Create name='', mode=0x02000202
[LOG] SystemI::createSoundInternal             : exinfo->cbsize             = 224
[LOG] SystemI::createSoundInternal             : exinfo->length             = 2473792
[LOG] SystemI::createSoundInternal             : exinfo->fileoffset         = 16832
[LOG] SystemI::createSoundInternal             : exinfo->numsubsounds       = 1
[LOG] SystemI::createSoundInternal             : exinfo->inclusionlist      = 00000003AE09F218
[LOG] SystemI::createSoundInternal             : exinfo->inclusionlistnum   = 1
[LOG] SystemI::createSoundInternal             : exinfo->suggestedsoundtype = 5
[LOG] SystemI::createSoundInternal             : exinfo->useropen           = 00007FFAFDC27B10
[LOG] SystemI::createSoundInternal             : exinfo->userclose          = 00007FFAFDC27AE0
[LOG] SystemI::createSoundInternal             : exinfo->userread           = 00007FFAFDC27BE0
[LOG] SystemI::createSoundInternal             : exinfo->userseek           = 00007FFAFDC27CA0
[LOG] SystemI::createSoundInternal             : exinfo->fileuserdata       = 00000150C5486C18
[LOG] SystemI::createSoundInternal             : exinfo->initialseekpostype = 1
[LOG] SystemI::DSPCodecPoolRegister            : register codec pool for pool type 5
[LOG] SystemI::createSoundInternal             : Sample 0/1: name='zapsplat_fantasy_magic_ping_wand_90s_style_dreamy_001_64944', format=5, channels=2, frequency=48000, lengthbytes=36928, lengthpcm=134784, pcmblocksize=0, loopstart=0, loopend=0, mode=0x00000000, channelmask=0x00000000, channelorder=0, peakvolume=0.700714.
[LOG] SystemI::createSoundInternal             : Create name='', mode=0x02000202
[LOG] SystemI::createSoundInternal             : exinfo->cbsize             = 224
[LOG] SystemI::createSoundInternal             : exinfo->length             = 2473792
[LOG] SystemI::createSoundInternal             : exinfo->fileoffset         = 16832
[LOG] SystemI::createSoundInternal             : exinfo->numsubsounds       = 1
[LOG] SystemI::createSoundInternal             : exinfo->inclusionlist      = 00000003AE09F218
[LOG] SystemI::createSoundInternal             : exinfo->inclusionlistnum   = 1
[LOG] SystemI::createSoundInternal             : exinfo->suggestedsoundtype = 5
[LOG] SystemI::createSoundInternal             : exinfo->useropen           = 00007FFAFDC27B10
[LOG] SystemI::createSoundInternal             : exinfo->userclose          = 00007FFAFDC27AE0
[LOG] SystemI::createSoundInternal             : exinfo->userread           = 00007FFAFDC27BE0
[LOG] SystemI::createSoundInternal             : exinfo->userseek           = 00007FFAFDC27CA0
[LOG] SystemI::createSoundInternal             : exinfo->fileuserdata       = 00000150C5486C18
[LOG] SystemI::createSoundInternal             : exinfo->initialseekpostype = 1
[LOG] SystemI::DSPCodecPoolRegister            : register codec pool for pool type 5
[LOG] SystemI::createSoundInternal             : Sample 0/1: name='zapsplat_fantasy_magic_ping_wand_90s_style_dreamy_004_64947', format=5, channels=2, frequency=48000, lengthbytes=24704, lengthpcm=92160, pcmblocksize=0, loopstart=0, loopend=0, mode=0x00000000, channelmask=0x00000000, channelorder=0, peakvolume=0.694794.
[LOG] SystemI::createSoundInternal             : Create name='', mode=0x02000202
[LOG] SystemI::createSoundInternal             : exinfo->cbsize             = 224
[LOG] SystemI::createSoundInternal             : exinfo->length             = 2473792
[LOG] SystemI::createSoundInternal             : exinfo->fileoffset         = 16832
[LOG] SystemI::createSoundInternal             : exinfo->numsubsounds       = 1
[LOG] SystemI::createSoundInternal             : exinfo->inclusionlist      = 00000003AE09F218
[LOG] SystemI::createSoundInternal             : exinfo->inclusionlistnum   = 1
[LOG] SystemI::createSoundInternal             : exinfo->suggestedsoundtype = 5
[LOG] SystemI::createSoundInternal             : exinfo->useropen           = 00007FFAFDC27B10
[LOG] SystemI::createSoundInternal             : exinfo->userclose          = 00007FFAFDC27AE0
[LOG] SystemI::createSoundInternal             : exinfo->userread           = 00007FFAFDC27BE0
[LOG] SystemI::createSoundInternal             : exinfo->userseek           = 00007FFAFDC27CA0
[LOG] SystemI::createSoundInternal             : exinfo->fileuserdata       = 00000150C5486C18
[LOG] SystemI::createSoundInternal             : exinfo->initialseekpostype = 1
[LOG] SystemI::DSPCodecPoolRegister            : register codec pool for pool type 5
[LOG] SystemI::createSoundInternal             : Sample 0/1: name='zapsplat_fantasy_magic_ping_wand_90s_style_dreamy_002_64945', format=5, channels=2, frequency=48000, lengthbytes=21280, lengthpcm=77184, pcmblocksize=0, loopstart=0, loopend=0, mode=0x00000000, channelmask=0x00000000, channelorder=0, peakvolume=0.713135.
[LOG] SystemI::createSoundInternal             : Create name='', mode=0x02000202
[LOG] SystemI::createSoundInternal             : exinfo->cbsize             = 224
[LOG] SystemI::createSoundInternal             : exinfo->length             = 2473792
[LOG] SystemI::createSoundInternal             : exinfo->fileoffset         = 16832
[LOG] SystemI::createSoundInternal             : exinfo->numsubsounds       = 1
[LOG] SystemI::createSoundInternal             : exinfo->inclusionlist      = 00000003AE09F218
[LOG] SystemI::createSoundInternal             : exinfo->inclusionlistnum   = 1
[LOG] SystemI::createSoundInternal             : exinfo->suggestedsoundtype = 5
[LOG] SystemI::createSoundInternal             : exinfo->useropen           = 00007FFAFDC27B10
[LOG] SystemI::createSoundInternal             : exinfo->userclose          = 00007FFAFDC27AE0
[LOG] SystemI::createSoundInternal             : exinfo->userread           = 00007FFAFDC27BE0
[LOG] SystemI::createSoundInternal             : exinfo->userseek           = 00007FFAFDC27CA0
[LOG] SystemI::createSoundInternal             : exinfo->fileuserdata       = 00000150C548CD08
[LOG] SystemI::createSoundInternal             : exinfo->initialseekpostype = 1
[LOG] SystemI::DSPCodecPoolRegister            : register codec pool for pool type 5
[LOG] SystemI::createSoundInternal             : Sample 0/1: name='zapsplat_cartoon_drip_or_bubble_pop_001_46305', format=5, channels=2, frequency=48000, lengthbytes=3232, lengthpcm=9216, pcmblocksize=0, loopstart=0, loopend=0, mode=0x00000000, channelmask=0x00000000, channelorder=0, peakvolume=0.704346.
[LOG] SystemI::createSoundInternal             : Create name='', mode=0x02000202
[LOG] SystemI::createSoundInternal             : exinfo->cbsize             = 224
[LOG] SystemI::createSoundInternal             : exinfo->length             = 2473792
[LOG] SystemI::createSoundInternal             : exinfo->fileoffset         = 16832
[LOG] SystemI::createSoundInternal             : exinfo->numsubsounds       = 1
[LOG] SystemI::createSoundInternal             : exinfo->inclusionlist      = 00000003AE09F218
[LOG] SystemI::createSoundInternal             : exinfo->inclusionlistnum   = 1
[LOG] SystemI::createSoundInternal             : exinfo->suggestedsoundtype = 5
[LOG] SystemI::createSoundInternal             : exinfo->useropen           = 00007FFAFDC27B10
[LOG] SystemI::createSoundInternal             : exinfo->userclose          = 00007FFAFDC27AE0
[LOG] SystemI::createSoundInternal             : exinfo->userread           = 00007FFAFDC27BE0
[LOG] SystemI::createSoundInternal             : exinfo->userseek           = 00007FFAFDC27CA0
[LOG] SystemI::createSoundInternal             : exinfo->fileuserdata       = 00000150C548CD08
[LOG] SystemI::createSoundInternal             : exinfo->initialseekpostype = 1
[LOG] SystemI::DSPCodecPoolRegister            : register codec pool for pool type 5
[LOG] SystemI::createSoundInternal             : Sample 0/1: name='zapsplat_cartoon_drip_or_bubble_pop_003_46213', format=5, channels=2, frequency=48000, lengthbytes=2304, lengthpcm=6912, pcmblocksize=0, loopstart=0, loopend=0, mode=0x00000000, channelmask=0x00000000, channelorder=0, peakvolume=0.705872.
[LOG] SystemI::createSoundInternal             : Create name='', mode=0x02000202
[LOG] SystemI::createSoundInternal             : exinfo->cbsize             = 224
[LOG] SystemI::createSoundInternal             : exinfo->length             = 2473792
[LOG] SystemI::createSoundInternal             : exinfo->fileoffset         = 16832
[LOG] SystemI::createSoundInternal             : exinfo->numsubsounds       = 1
[LOG] SystemI::createSoundInternal             : exinfo->inclusionlist      = 00000003AE09F218
[LOG] SystemI::createSoundInternal             : exinfo->inclusionlistnum   = 1
[LOG] SystemI::createSoundInternal             : exinfo->suggestedsoundtype = 5
[LOG] SystemI::createSoundInternal             : exinfo->useropen           = 00007FFAFDC27B10
[LOG] SystemI::createSoundInternal             : exinfo->userclose          = 00007FFAFDC27AE0
[LOG] SystemI::createSoundInternal             : exinfo->userread           = 00007FFAFDC27BE0
[LOG] SystemI::createSoundInternal             : exinfo->userseek           = 00007FFAFDC27CA0
[LOG] SystemI::createSoundInternal             : exinfo->fileuserdata       = 00000150C5485358
[LOG] SystemI::createSoundInternal             : exinfo->initialseekpostype = 1
[LOG] SystemI::DSPCodecPoolRegister            : register codec pool for pool type 5
[LOG] SystemI::createSoundInternal             : Sample 0/1: name='zapsplat_magic_wand_ping_004_12532', format=5, channels=2, frequency=48000, lengthbytes=25376, lengthpcm=120372, pcmblocksize=0, loopstart=0, loopend=0, mode=0x00000000, channelmask=0x00000000, channelorder=0, peakvolume=0.661469.
[LOG] SystemI::createSoundInternal             : Create name='', mode=0x02000202
[LOG] SystemI::createSoundInternal             : exinfo->cbsize             = 224
[LOG] SystemI::createSoundInternal             : exinfo->length             = 2473792
[LOG] SystemI::createSoundInternal             : exinfo->fileoffset         = 16832
[LOG] SystemI::createSoundInternal             : exinfo->numsubsounds       = 1
[LOG] SystemI::createSoundInternal             : exinfo->inclusionlist      = 00000003AE09F218
[LOG] SystemI::createSoundInternal             : exinfo->inclusionlistnum   = 1
[LOG] SystemI::createSoundInternal             : exinfo->suggestedsoundtype = 5
[LOG] SystemI::createSoundInternal             : exinfo->useropen           = 00007FFAFDC27B10
[LOG] SystemI::createSoundInternal             : exinfo->userclose          = 00007FFAFDC27AE0
[LOG] SystemI::createSoundInternal             : exinfo->userread           = 00007FFAFDC27BE0
[LOG] SystemI::createSoundInternal             : exinfo->userseek           = 00007FFAFDC27CA0
[LOG] SystemI::createSoundInternal             : exinfo->fileuserdata       = 00000150C5485358
[LOG] SystemI::createSoundInternal             : exinfo->initialseekpostype = 1
[LOG] SystemI::DSPCodecPoolRegister            : register codec pool for pool type 5
[LOG] SystemI::createSoundInternal             : Sample 0/1: name='zapsplat_magic_wand_ping_003_12531', format=5, channels=2, frequency=48000, lengthbytes=27872, lengthpcm=146703, pcmblocksize=0, loopstart=0, loopend=0, mode=0x00000000, channelmask=0x00000000, channelorder=0, peakvolume=0.630371.
[LOG] SystemI::createSoundInternal             : Create name='', mode=0x02000202
[LOG] SystemI::createSoundInternal             : exinfo->cbsize             = 224
[LOG] SystemI::createSoundInternal             : exinfo->length             = 2473792
[LOG] SystemI::createSoundInternal             : exinfo->fileoffset         = 16832
[LOG] SystemI::createSoundInternal             : exinfo->numsubsounds       = 1
[LOG] SystemI::createSoundInternal             : exinfo->inclusionlist      = 00000003AE09F218
[LOG] SystemI::createSoundInternal             : exinfo->inclusionlistnum   = 1
[LOG] SystemI::createSoundInternal             : exinfo->suggestedsoundtype = 5
[LOG] SystemI::createSoundInternal             : exinfo->useropen           = 00007FFAFDC27B10
[LOG] SystemI::createSoundInternal             : exinfo->userclose          = 00007FFAFDC27AE0
[LOG] SystemI::createSoundInternal             : exinfo->userread           = 00007FFAFDC27BE0
[LOG] SystemI::createSoundInternal             : exinfo->userseek           = 00007FFAFDC27CA0
[LOG] SystemI::createSoundInternal             : exinfo->fileuserdata       = 00000150C5485358
[LOG] SystemI::createSoundInternal             : exinfo->initialseekpostype = 1
[LOG] SystemI::DSPCodecPoolRegister            : register codec pool for pool type 5
[LOG] SystemI::createSoundInternal             : Sample 0/1: name='zapsplat_magic_wand_ping_001_12529', format=5, channels=2, frequency=48000, lengthbytes=17504, lengthpcm=81502, pcmblocksize=0, loopstart=0, loopend=0, mode=0x00000000, channelmask=0x00000000, channelorder=0, peakvolume=0.639343.
[LOG] SystemI::createSoundInternal             : Create name='', mode=0x02000202
[LOG] SystemI::createSoundInternal             : exinfo->cbsize             = 224
[LOG] SystemI::createSoundInternal             : exinfo->length             = 2473792
[LOG] SystemI::createSoundInternal             : exinfo->fileoffset         = 16832
[LOG] SystemI::createSoundInternal             : exinfo->numsubsounds       = 1
[LOG] SystemI::createSoundInternal             : exinfo->inclusionlist      = 00000003AE09F218
[LOG] SystemI::createSoundInternal             : exinfo->inclusionlistnum   = 1
[LOG] SystemI::createSoundInternal             : exinfo->suggestedsoundtype = 5
[LOG] SystemI::createSoundInternal             : exinfo->useropen           = 00007FFAFDC27B10
[LOG] SystemI::createSoundInternal             : exinfo->userclose          = 00007FFAFDC27AE0
[LOG] SystemI::createSoundInternal             : exinfo->userread           = 00007FFAFDC27BE0
[LOG] SystemI::createSoundInternal             : exinfo->userseek           = 00007FFAFDC27CA0
[LOG] SystemI::createSoundInternal             : exinfo->fileuserdata       = 00000150C5485358
[LOG] SystemI::createSoundInternal             : exinfo->initialseekpostype = 1
[LOG] SystemI::DSPCodecPoolRegister            : register codec pool for pool type 5
[LOG] SystemI::createSoundInternal             : Sample 0/1: name='zapsplat_magic_wand_ping_005_12533', format=5, channels=2, frequency=48000, lengthbytes=14432, lengthpcm=73978, pcmblocksize=0, loopstart=0, loopend=0, mode=0x00000000, channelmask=0x00000000, channelorder=0, peakvolume=0.628326.
[LOG] SystemI::createSoundInternal             : Create name='', mode=0x02000202
[LOG] SystemI::createSoundInternal             : exinfo->cbsize             = 224
[LOG] SystemI::createSoundInternal             : exinfo->length             = 2473792
[LOG] SystemI::createSoundInternal             : exinfo->fileoffset         = 16832
[LOG] SystemI::createSoundInternal             : exinfo->numsubsounds       = 1
[LOG] SystemI::createSoundInternal             : exinfo->inclusionlist      = 00000003AE09F218
[LOG] SystemI::createSoundInternal             : exinfo->inclusionlistnum   = 1
[LOG] SystemI::createSoundInternal             : exinfo->suggestedsoundtype = 5
[LOG] SystemI::createSoundInternal             : exinfo->useropen           = 00007FFAFDC27B10
[LOG] SystemI::createSoundInternal             : exinfo->userclose          = 00007FFAFDC27AE0
[LOG] SystemI::createSoundInternal             : exinfo->userread           = 00007FFAFDC27BE0
[LOG] SystemI::createSoundInternal             : exinfo->userseek           = 00007FFAFDC27CA0
[LOG] SystemI::createSoundInternal             : exinfo->fileuserdata       = 00000150C5485358
[LOG] SystemI::createSoundInternal             : exinfo->initialseekpostype = 1
[LOG] SystemI::DSPCodecPoolRegister            : register codec pool for pool type 5
[LOG] SystemI::createSoundInternal             : Sample 0/1: name='zapsplat_magic_wand_ping_002_12530', format=5, channels=2, frequency=48000, lengthbytes=18528, lengthpcm=96548, pcmblocksize=0, loopstart=0, loopend=0, mode=0x00000000, channelmask=0x00000000, channelorder=0, peakvolume=0.638214.
[LOG] Manager::readBank                        : fileversion = 135, compatVersion = 132 (oldest = 44, newest = 135)
[LOG] SystemI::createSoundInternal             : Create name='', mode=0x02000202
[LOG] SystemI::createSoundInternal             : exinfo->cbsize             = 224
[LOG] SystemI::createSoundInternal             : exinfo->length             = 2473792
[LOG] SystemI::createSoundInternal             : exinfo->fileoffset         = 16832
[LOG] SystemI::createSoundInternal             : exinfo->numsubsounds       = 1
[LOG] SystemI::createSoundInternal             : exinfo->inclusionlist      = 00000003AE09F218
[LOG] SystemI::createSoundInternal             : exinfo->inclusionlistnum   = 1
[LOG] SystemI::createSoundInternal             : exinfo->suggestedsoundtype = 5
[LOG] SystemI::createSoundInternal             : exinfo->useropen           = 00007FFAFDC27B10
[LOG] SystemI::createSoundInternal             : exinfo->userclose          = 00007FFAFDC27AE0
[LOG] SystemI::createSoundInternal             : exinfo->userread           = 00007FFAFDC27BE0
[LOG] SystemI::createSoundInternal             : exinfo->userseek           = 00007FFAFDC27CA0
[LOG] SystemI::createSoundInternal             : exinfo->fileuserdata       = 00000150C5487248
[LOG] SystemI::createSoundInternal             : exinfo->initialseekpostype = 1
[LOG] SystemI::DSPCodecPoolRegister            : register codec pool for pool type 5
[LOG] SystemI::createSoundInternal             : Sample 0/1: name='zapsplat_foley_balloon_pop_20568', format=5, channels=2, frequency=48000, lengthbytes=9120, lengthpcm=39168, pcmblocksize=0, loopstart=0, loopend=0, mode=0x00000000, channelmask=0x00000000, channelorder=0, peakvolume=0.716003.
[LOG] Manager::readBank                        : fileversion = 135, compatVersion = 132 (oldest = 44, newest = 135)
[LOG] SystemI::createSoundInternal             : Create name='', mode=0x02000202
[LOG] SystemI::createSoundInternal             : exinfo->cbsize             = 224
[LOG] SystemI::createSoundInternal             : exinfo->length             = 2473792
[LOG] SystemI::createSoundInternal             : exinfo->fileoffset         = 16832
[LOG] SystemI::createSoundInternal             : exinfo->numsubsounds       = 1
[LOG] SystemI::createSoundInternal             : exinfo->inclusionlist      = 00000003AE09F218
[LOG] SystemI::createSoundInternal             : exinfo->inclusionlistnum   = 1
[LOG] SystemI::createSoundInternal             : exinfo->suggestedsoundtype = 5
[LOG] SystemI::createSoundInternal             : exinfo->useropen           = 00007FFAFDC27B10
[LOG] SystemI::createSoundInternal             : exinfo->userclose          = 00007FFAFDC27AE0
[LOG] SystemI::createSoundInternal             : exinfo->userread           = 00007FFAFDC27BE0
[LOG] SystemI::createSoundInternal             : exinfo->userseek           = 00007FFAFDC27CA0
[LOG] SystemI::createSoundInternal             : exinfo->fileuserdata       = 00000150C548CD08
[LOG] SystemI::createSoundInternal             : exinfo->initialseekpostype = 1
[LOG] SystemI::DSPCodecPoolRegister            : register codec pool for pool type 5
[LOG] SystemI::createSoundInternal             : Sample 0/1: name='zapsplat_foley_balloon_inflate_blow_up_004_20567', format=5, channels=2, frequency=48000, lengthbytes=38368, lengthpcm=150912, pcmblocksize=0, loopstart=0, loopend=0, mode=0x00000000, channelmask=0x00000000, channelorder=0, peakvolume=0.697174.
[LOG] SystemI::createSoundInternal             : Create name='', mode=0x02000202
[LOG] SystemI::createSoundInternal             : exinfo->cbsize             = 224
[LOG] SystemI::createSoundInternal             : exinfo->length             = 2473792
[LOG] SystemI::createSoundInternal             : exinfo->fileoffset         = 16832
[LOG] SystemI::createSoundInternal             : exinfo->numsubsounds       = 1
[LOG] SystemI::createSoundInternal             : exinfo->inclusionlist      = 00000003AE09F218
[LOG] SystemI::createSoundInternal             : exinfo->inclusionlistnum   = 1
[LOG] SystemI::createSoundInternal             : exinfo->suggestedsoundtype = 5
[LOG] SystemI::createSoundInternal             : exinfo->useropen           = 00007FFAFDC27B10
[LOG] SystemI::createSoundInternal             : exinfo->userclose          = 00007FFAFDC27AE0
[LOG] SystemI::createSoundInternal             : exinfo->userread           = 00007FFAFDC27BE0
[LOG] SystemI::createSoundInternal             : exinfo->userseek           = 00007FFAFDC27CA0
[LOG] SystemI::createSoundInternal             : exinfo->fileuserdata       = 00000150C548CD08
[LOG] SystemI::createSoundInternal             : exinfo->initialseekpostype = 1
[LOG] SystemI::DSPCodecPoolRegister            : register codec pool for pool type 5
[LOG] SystemI::createSoundInternal             : Sample 0/1: name='zapsplat_foley_balloon_inflate_blow_up_003_20566', format=5, channels=2, frequency=48000, lengthbytes=24288, lengthpcm=95616, pcmblocksize=0, loopstart=0, loopend=0, mode=0x00000000, channelmask=0x00000000, channelorder=0, peakvolume=0.711700.
[LOG] SystemI::createSoundInternal             : Create name='', mode=0x02000202
[LOG] SystemI::createSoundInternal             : exinfo->cbsize             = 224
[LOG] SystemI::createSoundInternal             : exinfo->length             = 2473792
[LOG] SystemI::createSoundInternal             : exinfo->fileoffset         = 16832
[LOG] SystemI::createSoundInternal             : exinfo->numsubsounds       = 1
[LOG] SystemI::createSoundInternal             : exinfo->inclusionlist      = 00000003AE09F218
[LOG] SystemI::createSoundInternal             : exinfo->inclusionlistnum   = 1
[LOG] SystemI::createSoundInternal             : exinfo->suggestedsoundtype = 5
[LOG] SystemI::createSoundInternal             : exinfo->useropen           = 00007FFAFDC27B10
[LOG] SystemI::createSoundInternal             : exinfo->userclose          = 00007FFAFDC27AE0
[LOG] SystemI::createSoundInternal             : exinfo->userread           = 00007FFAFDC27BE0
[LOG] SystemI::createSoundInternal             : exinfo->userseek           = 00007FFAFDC27CA0
[LOG] SystemI::createSoundInternal             : exinfo->fileuserdata       = 00000150C548CD08
[LOG] SystemI::createSoundInternal             : exinfo->initialseekpostype = 1
[LOG] SystemI::DSPCodecPoolRegister            : register codec pool for pool type 5
[LOG] SystemI::createSoundInternal             : Sample 0/1: name='zapsplat_foley_balloon_inflate_blow_up_002_20565', format=5, channels=2, frequency=48000, lengthbytes=25408, lengthpcm=101376, pcmblocksize=0, loopstart=0, loopend=0, mode=0x00000000, channelmask=0x00000000, channelorder=0, peakvolume=0.710449.
[LOG] SystemI::createSoundInternal             : Create name='', mode=0x02000202
[LOG] SystemI::createSoundInternal             : exinfo->cbsize             = 224
[LOG] SystemI::createSoundInternal             : exinfo->length             = 2473792
[LOG] SystemI::createSoundInternal             : exinfo->fileoffset         = 16832
[LOG] SystemI::createSoundInternal             : exinfo->numsubsounds       = 1
[LOG] SystemI::createSoundInternal             : exinfo->inclusionlist      = 00000003AE09F218
[LOG] SystemI::createSoundInternal             : exinfo->inclusionlistnum   = 1
[LOG] SystemI::createSoundInternal             : exinfo->suggestedsoundtype = 5
[LOG] SystemI::createSoundInternal             : exinfo->useropen           = 00007FFAFDC27B10
[LOG] SystemI::createSoundInternal             : exinfo->userclose          = 00007FFAFDC27AE0
[LOG] SystemI::createSoundInternal             : exinfo->userread           = 00007FFAFDC27BE0
[LOG] SystemI::createSoundInternal             : exinfo->userseek           = 00007FFAFDC27CA0
[LOG] SystemI::createSoundInternal             : exinfo->fileuserdata       = 00000150C548CD08
[LOG] SystemI::createSoundInternal             : exinfo->initialseekpostype = 1
[LOG] SystemI::DSPCodecPoolRegister            : register codec pool for pool type 5
[LOG] SystemI::createSoundInternal             : Sample 0/1: name='zapsplat_foley_balloon_inflate_blow_up_001_20564', format=5, channels=2, frequency=48000, lengthbytes=33184, lengthpcm=127872, pcmblocksize=0, loopstart=0, loopend=0, mode=0x00000000, channelmask=0x00000000, channelorder=0, peakvolume=0.687988.
[LOG] Manager::readBank                        : fileversion = 135, compatVersion = 132 (oldest = 44, newest = 135)
[LOG] Manager::readBank                        : fileversion = 135, compatVersion = 132 (oldest = 44, newest = 135)
[LOG] Manager::readBank                        : fileversion = 135, compatVersion = 132 (oldest = 44, newest = 135)
[LOG] PlaybackSystem::acquireMasterBus         : Setting master channel group format to 6
[LOG] SoundI::release                          :  (00000150CAC60A28)
[LOG] SoundI::release                          :     zapsplat_magic_wand_ping_001_12529 (00000150C531B488)
[LOG] SoundI::release                          :  (00000150CAC60188)
[LOG] SoundI::release                          :     zapsplat_magic_wand_ping_002_12530 (00000150C531B628)
[LOG] SoundI::release                          :  (00000150CAC5ED68)
[LOG] SoundI::release                          :     zapsplat_magic_wand_ping_003_12531 (00000150C5319408)
[LOG] SoundI::release                          :  (00000150CAC5E638)
[LOG] SoundI::release                          :     zapsplat_magic_wand_ping_004_12532 (00000150C5318F28)
[LOG] SoundI::release                          :  (00000150CAC612C8)
[LOG] SoundI::release                          :     zapsplat_magic_wand_ping_005_12533 (00000150C531BB08)
[LOG] SoundI::release                          : Deflated_Emotions_V3 (0000015063A611E8)
[LOG] SoundI::release                          :     Deflated_Emotions_V3 (00000150C531BFE8)
[LOG] SoundI::release                          :     Deflated_Emotions_V3 (0000015063A60108)
[LOG] SoundI::release                          :  (00000151535A38F8)
[LOG] SoundI::release                          :     zapsplat_foley_balloon_pop_20568 (00000150C531CE88)
[LOG] SoundI::release                          :  (00000150C5E39228)
[LOG] SoundI::release                          :     zapsplat_foley_balloon_inflate_blow_up_001_20564 (00000150C531CCE8)
[LOG] SoundI::release                          :  (00000150C54738F8)
[LOG] SoundI::release                          :     zapsplat_foley_balloon_inflate_blow_up_002_20565 (00000150C531CB48)
[LOG] SoundI::release                          :  (00000150C54731C8)
[LOG] SoundI::release                          :     zapsplat_foley_balloon_inflate_blow_up_003_20566 (00000150C531C668)
[LOG] SoundI::release                          :  (00000150C5473788)
[LOG] SoundI::release                          :     zapsplat_foley_balloon_inflate_blow_up_004_20567 (00000150C531C328)
[LOG] SoundI::release                          :  (0000015063F3C248)
[LOG] SoundI::release                          :     zapsplat_cartoon_drip_or_bubble_pop_003_46213 (00000150C531BCA8)
[LOG] SoundI::release                          :  (0000015063F3BF68)
[LOG] SoundI::release                          :     zapsplat_cartoon_drip_or_bubble_pop_001_46305 (00000150C531C188)
[LOG] SoundI::release                          :  (0000015063F3A868)
[LOG] SoundI::release                          :     zapsplat_fantasy_magic_ping_wand_90s_style_dreamy_001_64944 (00000150C531DB88)
[LOG] SoundI::release                          :  (0000015063F3AB48)
[LOG] SoundI::release                          :     zapsplat_fantasy_magic_ping_wand_90s_style_dreamy_002_64945 (00000150C531C9A8)
[LOG] SoundI::release                          :  (0000015063F3BB18)
[LOG] SoundI::release                          :     zapsplat_fantasy_magic_ping_wand_90s_style_dreamy_003_64946 (00000150C531B2E8)
[LOG] SoundI::release                          :  (0000015063F3B3E8)
[LOG] SoundI::release                          :     zapsplat_fantasy_magic_ping_wand_90s_style_dreamy_004_64947 (00000150C53183C8)
[LOG] Thread::callback                         : FMOD Studio update thread finished.
[LOG] Thread::callback                         : FMOD Studio bank load thread finished.
[LOG] Profile::disconnectAll                   : Profiler disconnecting all clients
[LOG] Thread::callback                         : FMOD Studio sample load thread finished.
[LOG] LiveUpdate::release                      : 
[LOG] LiveUpdate::reset                        : Reset connection (reason Disconnected)
[LOG] Thread::callback                         : FMOD stream thread finished.
[LOG] Thread::callback                         : FMOD mixer thread finished.
[LOG] Profile::disconnectAll                   : Profiler disconnecting all clients
[LOG] SystemI::close                           : Closed.
[LOG] Thread::callback                         : FMOD Studio bank load thread finished.
[LOG] Thread::callback                         : FMOD Studio sample load thread finished.
[LOG] LiveUpdate::release                      : 
[LOG] LiveUpdate::reset                        : Reset connection (reason Disconnected)
[LOG] Thread::callback                         : FMOD stream thread finished.
[LOG] Thread::callback                         : FMOD mixer thread finished.
[LOG] SystemI::close                           : Closed.
[LOG] Thread::callback                         : FMOD nonblocking thread (0) finished.
[LOG] Thread::callback                         : FMOD file thread finished.
